<?xml version="1.0" encoding="UTF-8"?>
<!-- Generated by org.testng.reporters.JUnitXMLReporter -->
<testsuite ignored="25" hostname="Censiuss-MacBook-Air.local" failures="1" tests="1" name="Default test" time="18.256" errors="0" timestamp="2024-10-08T11:01:06 IST">
  <testcase classname="testCases.HomePageTest" name="testAllButtonsInSingleLogin" time="6.804">
    <failure type="java.lang.NullPointerException" message="Cannot invoke &amp;quot;com.aventstack.extentreports.ExtentTest.addScreenCaptureFromPath(String)&amp;quot; because &amp;quot;listeners.ExtentReporterNG.test&amp;quot; is null">
      <![CDATA[java.lang.NullPointerException: Cannot invoke "com.aventstack.extentreports.ExtentTest.addScreenCaptureFromPath(String)" because "listeners.ExtentReporterNG.test" is null
at testCases.HomePageTest.validatePage(HomePageTest.java:310)
at testCases.HomePageTest.lambda$24(HomePageTest.java:300)
at java.base/java.util.LinkedHashMap.forEach(LinkedHashMap.java:986)
at testCases.HomePageTest.testAllButtonsInSingleLogin(HomePageTest.java:298)
at java.base/jdk.internal.reflect.DirectMethodHandleAccessor.invoke(DirectMethodHandleAccessor.java:103)
at java.base/java.lang.reflect.Method.invoke(Method.java:580)
at org.testng.internal.invokers.MethodInvocationHelper.invokeMethod(MethodInvocationHelper.java:141)
at org.testng.internal.invokers.TestInvoker.invokeMethod(TestInvoker.java:686)
at org.testng.internal.invokers.TestInvoker.invokeTestMethod(TestInvoker.java:230)
at org.testng.internal.invokers.MethodRunner.runInSequence(MethodRunner.java:63)
at org.testng.internal.invokers.TestInvoker$MethodInvocationAgent.invoke(TestInvoker.java:992)
at org.testng.internal.invokers.TestInvoker.invokeTestMethods(TestInvoker.java:203)
at org.testng.internal.invokers.TestMethodWorker.invokeTestMethods(TestMethodWorker.java:154)
at org.testng.internal.invokers.TestMethodWorker.run(TestMethodWorker.java:134)
at java.base/java.util.ArrayList.forEach(ArrayList.java:1597)
at org.testng.TestRunner.privateRun(TestRunner.java:739)
at org.testng.TestRunner.run(TestRunner.java:614)
at org.testng.SuiteRunner.runTest(SuiteRunner.java:421)
at org.testng.SuiteRunner.runSequentially(SuiteRunner.java:413)
at org.testng.SuiteRunner.privateRun(SuiteRunner.java:373)
at org.testng.SuiteRunner.run(SuiteRunner.java:312)
at org.testng.SuiteRunnerWorker.runSuite(SuiteRunnerWorker.java:52)
at org.testng.SuiteRunnerWorker.run(SuiteRunnerWorker.java:95)
at org.testng.TestNG.runSuitesSequentially(TestNG.java:1274)
at org.testng.TestNG.runSuitesLocally(TestNG.java:1208)
at org.testng.TestNG.runSuites(TestNG.java:1112)
at org.testng.TestNG.run(TestNG.java:1079)
at org.testng.remote.AbstractRemoteTestNG.run(AbstractRemoteTestNG.java:115)
at org.testng.remote.RemoteTestNG.initAndRun(RemoteTestNG.java:293)
at org.testng.remote.RemoteTestNG.main(RemoteTestNG.java:91)
]]>
    </failure>
  </testcase> <!-- testAllButtonsInSingleLogin -->
  <testcase classname="testCases.HomePageTest" name="clickOnScheduleLaborTest" time="0.0">
    <ignored/>
  </testcase> <!-- clickOnScheduleLaborTest -->
  <testcase classname="testCases.HomePageTest" name="clickOnDashboardTest" time="0.0">
    <ignored/>
  </testcase> <!-- clickOnDashboardTest -->
  <testcase classname="testCases.HomePageTest" name="clickOnJobSummaryTest" time="0.0">
    <ignored/>
  </testcase> <!-- clickOnJobSummaryTest -->
  <testcase classname="testCases.HomePageTest" name="clickOnImportEmployeeReportCsvTest" time="0.0">
    <ignored/>
  </testcase> <!-- clickOnImportEmployeeReportCsvTest -->
  <testcase classname="testCases.HomePageTest" name="clickOnDatabaseTest" time="0.0">
    <ignored/>
  </testcase> <!-- clickOnDatabaseTest -->
  <testcase classname="testCases.HomePageTest" name="clickOnOrderForYardTest" time="0.0">
    <ignored/>
  </testcase> <!-- clickOnOrderForYardTest -->
  <testcase classname="testCases.HomePageTest" name="clickOnDriverEnterTest" time="0.0">
    <ignored/>
  </testcase> <!-- clickOnDriverEnterTest -->
  <testcase classname="testCases.HomePageTest" name="clickOnUpdateTimesheetsTest" time="0.0">
    <ignored/>
  </testcase> <!-- clickOnUpdateTimesheetsTest -->
  <testcase classname="testCases.HomePageTest" name="clickOnPlaceOrderTest" time="0.0">
    <ignored/>
  </testcase> <!-- clickOnPlaceOrderTest -->
  <testcase classname="testCases.HomePageTest" name="clickOnHoursSummaryExportTest" time="0.0">
    <ignored/>
  </testcase> <!-- clickOnHoursSummaryExportTest -->
  <testcase classname="testCases.HomePageTest" name="clickOnCheckOutItemsTest" time="0.0">
    <ignored/>
  </testcase> <!-- clickOnCheckOutItemsTest -->
  <testcase classname="testCases.HomePageTest" name="clickOnSendTextMessageTest" time="0.0">
    <ignored/>
  </testcase> <!-- clickOnSendTextMessageTest -->
  <testcase classname="testCases.HomePageTest" name="clickOnViewTemplateTest" time="0.0">
    <ignored/>
  </testcase> <!-- clickOnViewTemplateTest -->
  <testcase classname="testCases.HomePageTest" name="updatedLinkTest" time="0.0">
    <ignored/>
  </testcase> <!-- updatedLinkTest -->
  <testcase classname="testCases.HomePageTest" name="clickOnTransferItemsTest" time="0.0">
    <ignored/>
  </testcase> <!-- clickOnTransferItemsTest -->
  <testcase classname="testCases.HomePageTest" name="clickOnEditJobDetailsTest" time="0.0">
    <ignored/>
  </testcase> <!-- clickOnEditJobDetailsTest -->
  <testcase classname="testCases.HomePageTest" name="clickOnCreateNewJobTest" time="0.0">
    <ignored/>
  </testcase> <!-- clickOnCreateNewJobTest -->
  <testcase classname="testCases.HomePageTest" name="clickOnWeatherCancellationTest" time="0.0">
    <ignored/>
  </testcase> <!-- clickOnWeatherCancellationTest -->
  <testcase classname="testCases.HomePageTest" name="clickOnBackFromRepairTest" time="0.0">
    <ignored/>
  </testcase> <!-- clickOnBackFromRepairTest -->
  <testcase classname="testCases.HomePageTest" name="clickOnAdminTest" time="0.0">
    <ignored/>
  </testcase> <!-- clickOnAdminTest -->
  <testcase classname="testCases.HomePageTest" name="clickOnCancellationHolidayTest" time="0.0">
    <ignored/>
  </testcase> <!-- clickOnCancellationHolidayTest -->
  <testcase classname="testCases.HomePageTest" name="clickOnUpdatedTest" time="0.0">
    <ignored/>
  </testcase> <!-- clickOnUpdatedTest -->
  <testcase classname="testCases.HomePageTest" name="clickOnTruckManagementTest" time="0.0">
    <ignored/>
  </testcase> <!-- clickOnTruckManagementTest -->
  <testcase classname="testCases.HomePageTest" name="clickOnMyLaborAssignmentsTest" time="0.0">
    <ignored/>
  </testcase> <!-- clickOnMyLaborAssignmentsTest -->
  <testcase classname="testCases.HomePageTest" name="clickOnReturnItemsTest" time="0.0">
    <ignored/>
  </testcase> <!-- clickOnReturnItemsTest -->
</testsuite> <!-- Default test -->
