<?xml version="1.0" encoding="UTF-8"?>
<!-- Generated by org.testng.reporters.JUnitXMLReporter -->
<testsuite ignored="0" hostname="Censiuss-MacBook-Air.local" failures="0" tests="27" name="Test" time="549.197" errors="0" timestamp="2024-10-13T18:31:36 IST">
  <testcase classname="testCases.LoginPageTest" name="loginTest" time="9.0"/>
  <testcase classname="testCases.HomePageTest" name="testAllButtonsInSingleLogin" time="75.188"/>
  <testcase classname="testCases.HomePageTest" name="updatedLinkTest" time="3.844"/>
  <testcase classname="testCases.HomePageTest" name="clickOnUpdatedTest" time="4.644"/>
  <testcase classname="testCases.HomePageTest" name="clickOnEditJobDetailsTest" time="15.171"/>
  <testcase classname="testCases.HomePageTest" name="clickOnPlaceOrderTest" time="16.755"/>
  <testcase classname="testCases.HomePageTest" name="clickOnOrderForYardTest" time="9.111"/>
  <testcase classname="testCases.HomePageTest" name="clickOnDashboardTest" time="7.812"/>
  <testcase classname="testCases.HomePageTest" name="clickOnViewTemplateTest" time="15.872"/>
  <testcase classname="testCases.HomePageTest" name="clickOnCheckOutItemsTest" time="7.04"/>
  <testcase classname="testCases.HomePageTest" name="clickOnReturnItemsTest" time="5.064"/>
  <testcase classname="testCases.HomePageTest" name="clickOnTransferItemsTest" time="8.085"/>
  <testcase classname="testCases.HomePageTest" name="clickOnBackFromRepairTest" time="6.517"/>
  <testcase classname="testCases.HomePageTest" name="clickOnTruckManagementTest" time="5.753"/>
  <testcase classname="testCases.HomePageTest" name="clickOnScheduleLaborTest" time="20.568"/>
  <testcase classname="testCases.HomePageTest" name="clickOnMyLaborAssignmentsTest" time="8.873"/>
  <testcase classname="testCases.HomePageTest" name="clickOnUpdateTimesheetsTest" time="5.951"/>
  <testcase classname="testCases.HomePageTest" name="clickOnWeatherCancellationTest" time="13.593"/>
  <testcase classname="testCases.HomePageTest" name="clickOnCancellationHolidayTest" time="12.503"/>
  <testcase classname="testCases.HomePageTest" name="clickOnDriverEnterTest" time="7.674"/>
  <testcase classname="testCases.HomePageTest" name="clickOnJobSummaryTest" time="5.888"/>
  <testcase classname="testCases.HomePageTest" name="clickOnCreateNewJobTest" time="6.561"/>
  <testcase classname="testCases.HomePageTest" name="clickOnAdminTest" time="6.803"/>
  <testcase classname="testCases.HomePageTest" name="clickOnImportEmployeeReportCsvTest" time="5.345"/>
  <testcase classname="testCases.HomePageTest" name="clickOnSendTextMessageTest" time="14.826"/>
  <testcase classname="testCases.HomePageTest" name="clickOnHoursSummaryExportTest" time="21.057"/>
  <testcase classname="testCases.HomePageTest" name="clickOnDatabaseTest" time="6.237"/>
</testsuite> <!-- Test -->
