<?xml version="1.0" encoding="UTF-8"?>
<!-- Generated by org.testng.reporters.JUnitXMLReporter -->
<testsuite ignored="25" hostname="Censiuss-MacBook-Air.local" failures="0" tests="1" name="TestAllButtonsInSingleLogin" time="80.919" errors="0" timestamp="2024-10-13T18:21:52 IST">
  <testcase classname="testCases.HomePageTest" name="testAllButtonsInSingleLogin" time="72.337"/>
  <testcase classname="testCases.HomePageTest" name="clickOnDriverEnterTest" time="0.0">
    <ignored/>
  </testcase> <!-- clickOnDriverEnterTest -->
  <testcase classname="testCases.HomePageTest" name="clickOnUpdateTimesheetsTest" time="0.0">
    <ignored/>
  </testcase> <!-- clickOnUpdateTimesheetsTest -->
  <testcase classname="testCases.HomePageTest" name="clickOnCreateNewJobTest" time="0.0">
    <ignored/>
  </testcase> <!-- clickOnCreateNewJobTest -->
  <testcase classname="testCases.HomePageTest" name="clickOnScheduleLaborTest" time="0.0">
    <ignored/>
  </testcase> <!-- clickOnScheduleLaborTest -->
  <testcase classname="testCases.HomePageTest" name="clickOnImportEmployeeReportCsvTest" time="0.0">
    <ignored/>
  </testcase> <!-- clickOnImportEmployeeReportCsvTest -->
  <testcase classname="testCases.HomePageTest" name="clickOnJobSummaryTest" time="0.0">
    <ignored/>
  </testcase> <!-- clickOnJobSummaryTest -->
  <testcase classname="testCases.HomePageTest" name="clickOnUpdatedTest" time="0.0">
    <ignored/>
  </testcase> <!-- clickOnUpdatedTest -->
  <testcase classname="testCases.HomePageTest" name="clickOnViewTemplateTest" time="0.0">
    <ignored/>
  </testcase> <!-- clickOnViewTemplateTest -->
  <testcase classname="testCases.HomePageTest" name="clickOnTruckManagementTest" time="0.0">
    <ignored/>
  </testcase> <!-- clickOnTruckManagementTest -->
  <testcase classname="testCases.HomePageTest" name="clickOnMyLaborAssignmentsTest" time="0.0">
    <ignored/>
  </testcase> <!-- clickOnMyLaborAssignmentsTest -->
  <testcase classname="testCases.HomePageTest" name="clickOnReturnItemsTest" time="0.0">
    <ignored/>
  </testcase> <!-- clickOnReturnItemsTest -->
  <testcase classname="testCases.HomePageTest" name="clickOnCancellationHolidayTest" time="0.0">
    <ignored/>
  </testcase> <!-- clickOnCancellationHolidayTest -->
  <testcase classname="testCases.HomePageTest" name="clickOnAdminTest" time="0.0">
    <ignored/>
  </testcase> <!-- clickOnAdminTest -->
  <testcase classname="testCases.HomePageTest" name="clickOnWeatherCancellationTest" time="0.0">
    <ignored/>
  </testcase> <!-- clickOnWeatherCancellationTest -->
  <testcase classname="testCases.HomePageTest" name="clickOnHoursSummaryExportTest" time="0.0">
    <ignored/>
  </testcase> <!-- clickOnHoursSummaryExportTest -->
  <testcase classname="testCases.HomePageTest" name="clickOnTransferItemsTest" time="0.0">
    <ignored/>
  </testcase> <!-- clickOnTransferItemsTest -->
  <testcase classname="testCases.HomePageTest" name="clickOnBackFromRepairTest" time="0.0">
    <ignored/>
  </testcase> <!-- clickOnBackFromRepairTest -->
  <testcase classname="testCases.HomePageTest" name="clickOnDashboardTest" time="0.0">
    <ignored/>
  </testcase> <!-- clickOnDashboardTest -->
  <testcase classname="testCases.HomePageTest" name="clickOnEditJobDetailsTest" time="0.0">
    <ignored/>
  </testcase> <!-- clickOnEditJobDetailsTest -->
  <testcase classname="testCases.HomePageTest" name="clickOnCheckOutItemsTest" time="0.0">
    <ignored/>
  </testcase> <!-- clickOnCheckOutItemsTest -->
  <testcase classname="testCases.HomePageTest" name="updatedLinkTest" time="0.0">
    <ignored/>
  </testcase> <!-- updatedLinkTest -->
  <testcase classname="testCases.HomePageTest" name="clickOnSendTextMessageTest" time="0.0">
    <ignored/>
  </testcase> <!-- clickOnSendTextMessageTest -->
  <testcase classname="testCases.HomePageTest" name="clickOnPlaceOrderTest" time="0.0">
    <ignored/>
  </testcase> <!-- clickOnPlaceOrderTest -->
  <testcase classname="testCases.HomePageTest" name="clickOnOrderForYardTest" time="0.0">
    <ignored/>
  </testcase> <!-- clickOnOrderForYardTest -->
  <testcase classname="testCases.HomePageTest" name="clickOnDatabaseTest" time="0.0">
    <ignored/>
  </testcase> <!-- clickOnDatabaseTest -->
</testsuite> <!-- TestAllButtonsInSingleLogin -->
