<?xml version="1.0" encoding="UTF-8"?>
<!-- Generated by org.testng.reporters.JUnitXMLReporter -->
<testsuite ignored="0" hostname="Censiuss-MacBook-Air.local" failures="0" tests="25" name="Test" time="542.7" errors="0" timestamp="2024-10-06T12:48:40 IST">
  <testcase classname="testCases.LoginPageTest" name="loginTest" time="10.582"/>
  <testcase classname="testCases.HomePageTest" name="updatedLinkTest" time="7.828"/>
  <testcase classname="testCases.HomePageTest" name="clickOnUpdatedTest" time="4.246"/>
  <testcase classname="testCases.HomePageTest" name="clickOnEditJobDetailsTest" time="26.137"/>
  <testcase classname="testCases.HomePageTest" name="clickOnPlaceOrderTest" time="28.344"/>
  <testcase classname="testCases.HomePageTest" name="clickOnOrderForYardTest" time="12.846"/>
  <testcase classname="testCases.HomePageTest" name="clickOnDashboardTest" time="11.234"/>
  <testcase classname="testCases.HomePageTest" name="clickOnViewTemplateTest" time="40.559"/>
  <testcase classname="testCases.HomePageTest" name="clickOnCheckOutItemsTest" time="6.659"/>
  <testcase classname="testCases.HomePageTest" name="clickOnReturnItemsTest" time="5.756"/>
  <testcase classname="testCases.HomePageTest" name="clickOnTransferItemsTest" time="7.169"/>
  <testcase classname="testCases.HomePageTest" name="clickOnBackFromRepairTest" time="6.989"/>
  <testcase classname="testCases.HomePageTest" name="clickOnTruckManagementTest" time="5.321"/>
  <testcase classname="testCases.HomePageTest" name="clickOnScheduleLaborTest" time="11.388"/>
  <testcase classname="testCases.HomePageTest" name="clickOnMyLaborAssignmentsTest" time="9.227"/>
  <testcase classname="testCases.HomePageTest" name="clickOnUpdateTimesheetsTest" time="5.71"/>
  <testcase classname="testCases.HomePageTest" name="clickOnWeatherCancellationTest" time="23.286"/>
  <testcase classname="testCases.HomePageTest" name="clickOnCancellationHolidayTest" time="23.956"/>
  <testcase classname="testCases.HomePageTest" name="clickOnDriverEnterTest" time="8.855"/>
  <testcase classname="testCases.HomePageTest" name="clickOnJobSummaryTest" time="4.699"/>
  <testcase classname="testCases.HomePageTest" name="clickOnCreateNewJobTest" time="8.868"/>
  <testcase classname="testCases.HomePageTest" name="clickOnImportEmployeeReportCsvTest" time="5.322"/>
  <testcase classname="testCases.HomePageTest" name="clickOnSendTextMessageTest" time="11.534"/>
  <testcase classname="testCases.HomePageTest" name="clickOnHoursSummaryExportTest" time="15.555"/>
  <testcase classname="testCases.HomePageTest" name="clickOnDatabaseTest" time="5.237"/>
</testsuite> <!-- Test -->
