<?xml version="1.0" encoding="UTF-8"?>
<testng-results ignored="0" total="1" passed="1" failed="0" skipped="0">
  <reporter-output>
  </reporter-output>
  <suite started-at="2024-10-08T11:15:49 IST" name="Suite" finished-at="2024-10-08T11:17:06 IST" duration-ms="76899">
    <groups>
    </groups>
    <test started-at="2024-10-08T11:15:49 IST" name="TestAllButtonsInSingleLogin" finished-at="2024-10-08T11:17:06 IST" duration-ms="76899">
      <class name="testCases.HomePageTest">
        <test-method is-config="true" signature="setUp()[pri:0, instance:testCases.HomePageTest@7692d9cc]" started-at="2024-10-08T11:15:49 IST" name="setUp" finished-at="2024-10-08T11:15:58 IST" duration-ms="9148" status="PASS">
          <reporter-output>
          </reporter-output>
        </test-method> <!-- setUp -->
        <test-method signature="testAllButtonsInSingleLogin()[pri:0, instance:testCases.HomePageTest@7692d9cc]" started-at="2024-10-08T11:15:58 IST" name="testAllButtonsInSingleLogin" finished-at="2024-10-08T11:17:06 IST" duration-ms="67479" status="PASS">
          <reporter-output>
          </reporter-output>
        </test-method> <!-- testAllButtonsInSingleLogin -->
        <test-method is-config="true" signature="tearDown()[pri:0, instance:testCases.HomePageTest@7692d9cc]" started-at="2024-10-08T11:17:06 IST" name="tearDown" finished-at="2024-10-08T11:17:06 IST" duration-ms="160" status="PASS">
          <reporter-output>
          </reporter-output>
        </test-method> <!-- tearDown -->
      </class> <!-- testCases.HomePageTest -->
    </test> <!-- TestAllButtonsInSingleLogin -->
  </suite> <!-- Suite -->
</testng-results>
