<?xml version="1.0" encoding="UTF-8"?>
<testng-results ignored="0" total="1" passed="1" failed="0" skipped="0">
  <reporter-output>
  </reporter-output>
  <suite started-at="2024-10-08T17:26:01 IST" name="Suite" finished-at="2024-10-08T17:27:18 IST" duration-ms="76878">
    <groups>
    </groups>
    <test started-at="2024-10-08T17:26:01 IST" name="TestAllButtonsInSingleLogin" finished-at="2024-10-08T17:27:18 IST" duration-ms="76878">
      <class name="testCases.HomePageTest">
        <test-method is-config="true" signature="setUp()[pri:0, instance:testCases.HomePageTest@7692d9cc]" started-at="2024-10-08T17:26:01 IST" name="setUp" finished-at="2024-10-08T17:26:10 IST" duration-ms="8495" status="PASS">
          <reporter-output>
          </reporter-output>
        </test-method> <!-- setUp -->
        <test-method signature="testAllButtonsInSingleLogin()[pri:0, instance:testCases.HomePageTest@7692d9cc]" started-at="2024-10-08T17:26:10 IST" name="testAllButtonsInSingleLogin" finished-at="2024-10-08T17:27:18 IST" duration-ms="68130" status="PASS">
          <reporter-output>
          </reporter-output>
        </test-method> <!-- testAllButtonsInSingleLogin -->
        <test-method is-config="true" signature="tearDown()[pri:0, instance:testCases.HomePageTest@7692d9cc]" started-at="2024-10-08T17:27:18 IST" name="tearDown" finished-at="2024-10-08T17:27:18 IST" duration-ms="147" status="PASS">
          <reporter-output>
          </reporter-output>
        </test-method> <!-- tearDown -->
      </class> <!-- testCases.HomePageTest -->
    </test> <!-- TestAllButtonsInSingleLogin -->
  </suite> <!-- Suite -->
</testng-results>
