<?xml version="1.0" encoding="UTF-8"?>
<testng-results ignored="0" total="1" passed="1" failed="0" skipped="0">
  <reporter-output>
  </reporter-output>
  <suite started-at="2024-10-13T19:56:42 IST" name="Default suite" finished-at="2024-10-13T19:57:11 IST" duration-ms="29096">
    <groups>
    </groups>
    <test started-at="2024-10-13T19:56:42 IST" name="Default test" finished-at="2024-10-13T19:57:11 IST" duration-ms="29096">
      <class name="testCases.HomePageTest">
        <test-method is-config="true" signature="setUp()[pri:0, instance:testCases.HomePageTest@65fb9ffc]" started-at="2024-10-13T19:56:42 IST" name="setUp" finished-at="2024-10-13T19:56:55 IST" duration-ms="12952" status="PASS">
          <reporter-output>
          </reporter-output>
        </test-method> <!-- setUp -->
        <test-method signature="clickOnEditJobDetailsTest()[pri:3, instance:testCases.HomePageTest@65fb9ffc]" started-at="2024-10-13T19:56:55 IST" name="clickOnEditJobDetailsTest" finished-at="2024-10-13T19:57:11 IST" duration-ms="16012" status="PASS">
          <reporter-output>
          </reporter-output>
        </test-method> <!-- clickOnEditJobDetailsTest -->
        <test-method is-config="true" signature="tearDown()[pri:0, instance:testCases.HomePageTest@65fb9ffc]" started-at="2024-10-13T19:57:11 IST" name="tearDown" finished-at="2024-10-13T19:57:11 IST" duration-ms="115" status="PASS">
          <reporter-output>
          </reporter-output>
        </test-method> <!-- tearDown -->
      </class> <!-- testCases.HomePageTest -->
    </test> <!-- Default test -->
  </suite> <!-- Default suite -->
</testng-results>
