<?xml version="1.0" encoding="UTF-8"?>
<testng-results ignored="0" total="1" passed="1" failed="0" skipped="0">
  <reporter-output>
  </reporter-output>
  <suite started-at="2024-10-08T12:18:17 IST" name="Suite" finished-at="2024-10-08T12:19:39 IST" duration-ms="81470">
    <groups>
    </groups>
    <test started-at="2024-10-08T12:18:17 IST" name="TestAllButtonsInSingleLogin" finished-at="2024-10-08T12:19:39 IST" duration-ms="81470">
      <class name="testCases.HomePageTest">
        <test-method is-config="true" signature="setUp()[pri:0, instance:testCases.HomePageTest@7b2bbc3]" started-at="2024-10-08T12:18:17 IST" name="setUp" finished-at="2024-10-08T12:18:27 IST" duration-ms="9295" status="PASS">
          <reporter-output>
          </reporter-output>
        </test-method> <!-- setUp -->
        <test-method signature="testAllButtonsInSingleLogin()[pri:0, instance:testCases.HomePageTest@7b2bbc3]" started-at="2024-10-08T12:18:27 IST" name="testAllButtonsInSingleLogin" finished-at="2024-10-08T12:19:39 IST" duration-ms="71889" status="PASS">
          <reporter-output>
          </reporter-output>
        </test-method> <!-- testAllButtonsInSingleLogin -->
        <test-method is-config="true" signature="tearDown()[pri:0, instance:testCases.HomePageTest@7b2bbc3]" started-at="2024-10-08T12:19:39 IST" name="tearDown" finished-at="2024-10-08T12:19:39 IST" duration-ms="165" status="PASS">
          <reporter-output>
          </reporter-output>
        </test-method> <!-- tearDown -->
      </class> <!-- testCases.HomePageTest -->
    </test> <!-- TestAllButtonsInSingleLogin -->
  </suite> <!-- Suite -->
</testng-results>
